<html>
<head>
<title>TestNG:  Test</title>
<link href="../testng.css" rel="stylesheet" type="text/css" />
<link href="../my-testng.css" rel="stylesheet" type="text/css" />

<style type="text/css">
.log { display: none;} 
.stack-trace { display: none;} 
</style>
<script type="text/javascript">
<!--
function flip(e) {
  current = e.style.display;
  if (current == 'block') {
    e.style.display = 'none';
    return 0;
  }
  else {
    e.style.display = 'block';
    return 1;
  }
}

function toggleBox(szDivId, elem, msg1, msg2)
{
  var res = -1;  if (document.getElementById) {
    res = flip(document.getElementById(szDivId));
  }
  else if (document.all) {
    // this is the way old msie versions work
    res = flip(document.all[szDivId]);
  }
  if(elem) {
    if(res == 0) elem.innerHTML = msg1; else elem.innerHTML = msg2;
  }

}

function toggleAllBoxes() {
  if (document.getElementsByTagName) {
    d = document.getElementsByTagName('div');
    for (i = 0; i < d.length; i++) {
      if (d[i].className == 'log') {
        flip(d[i]);
      }
    }
  }
}

// -->
</script>

</head>
<body>
<h2 align='center'>Test</h2><table border='1' align="center">
<tr>
<td>Tests passed/Failed/Skipped:</td><td>1/3/0</td>
</tr><tr>
<td>Started on:</td><td>Tue Nov 28 18:35:21 IST 2023</td>
</tr>
<tr><td>Total time:</td><td>29 seconds (29904 ms)</td>
</tr><tr>
<td>Included groups:</td><td></td>
</tr><tr>
<td>Excluded groups:</td><td></td>
</tr>
</table><p/>
<small><i>(Hover the method name to see the test class name)</i></small><p/>
<table width='100%' border='1' class='invocation-failed'>
<tr><td colspan='4' align='center'><b>FAILED TESTS</b></td></tr>
<tr><td><b>Test method</b></td>
<td><b>Attribute(s)</b></td>
<td width="30%"><b>Exception</b></td>
<td width="10%"><b>Time (seconds)</b></td>
<td><b>Instance</b></td>
</tr>
<tr>
<td title='TestRunner.CartTestRunner.runScenario()'><b>runScenario</b><br>Test class: TestRunner.CartTestRunner<br>Test method: Runs Cucumber Scenarios<br>Parameters: "Add a product to the cart", "Cart Functionality"</td>
<td><div><pre>java.lang.NullPointerException: Cannot invoke &quot;org.openqa.selenium.support.ui.WebDriverWait.until(java.util.function.Function)&quot; because the return value of &quot;BaseTest.PageContext.getWait()&quot; is null
	at PageObject.LoginPage.Loginshouldbesuccess(LoginPage.java:51)
	at PageObject.LoginPage.userShouldLoginAsAnd(LoginPage.java:76)
	at ✽.User should login as &quot;ortoni&quot; and &quot;pass1234&quot;(file:///C:/Users/GO20382992/eclipse-workspace/Cucumber/src/test/java/featureFile/addToCart.feature:10)
</pre></div><a href='#' onClick='toggleBox("stack-trace1583064339", this, "Click to show all stack frames", "Click to hide stack frames")'>Click to show all stack frames</a>
<div class='stack-trace' id='stack-trace1583064339'><pre>java.lang.NullPointerException: Cannot invoke &quot;org.openqa.selenium.support.ui.WebDriverWait.until(java.util.function.Function)&quot; because the return value of &quot;BaseTest.PageContext.getWait()&quot; is null
	at PageObject.LoginPage.Loginshouldbesuccess(LoginPage.java:51)
	at PageObject.LoginPage.userShouldLoginAsAnd(LoginPage.java:76)
	at ✽.User should login as &quot;ortoni&quot; and &quot;pass1234&quot;(file:///C:/Users/GO20382992/eclipse-workspace/Cucumber/src/test/java/featureFile/addToCart.feature:10)
</pre></div></td>
<td>13</td>
<td>TestRunner.CartTestRunner@7188af83</td></tr>
<tr>
<td title='TestRunner.LoginTestRunner.runScenario()'><b>runScenario</b><br>Test class: TestRunner.LoginTestRunner<br>Test method: Runs Cucumber Scenarios<br>Parameters: "Login should be success", "User Authentication"</td>
<td><div><pre>java.lang.NullPointerException: Cannot invoke &quot;org.openqa.selenium.support.ui.WebDriverWait.until(java.util.function.Function)&quot; because the return value of &quot;BaseTest.PageContext.getWait()&quot; is null
	at PageObject.LoginPage.Loginshouldbesuccess(LoginPage.java:51)
	at ✽.Login should be success(file:///C:/Users/GO20382992/eclipse-workspace/Cucumber/src/test/java/featureFile/login.feature:15)
</pre></div><a href='#' onClick='toggleBox("stack-trace583976517", this, "Click to show all stack frames", "Click to hide stack frames")'>Click to show all stack frames</a>
<div class='stack-trace' id='stack-trace583976517'><pre>java.lang.NullPointerException: Cannot invoke &quot;org.openqa.selenium.support.ui.WebDriverWait.until(java.util.function.Function)&quot; because the return value of &quot;BaseTest.PageContext.getWait()&quot; is null
	at PageObject.LoginPage.Loginshouldbesuccess(LoginPage.java:51)
	at ✽.Login should be success(file:///C:/Users/GO20382992/eclipse-workspace/Cucumber/src/test/java/featureFile/login.feature:15)
</pre></div></td>
<td>13</td>
<td>TestRunner.LoginTestRunner@221a3fa4</td></tr>
<tr>
<td title='TestRunner.CartTestRunner.runScenario()'><b>runScenario</b><br>Test class: TestRunner.CartTestRunner<br>Test method: Runs Cucumber Scenarios<br>Parameters: "Add a product to the cart", "Cart Functionality"</td>
<td><div><pre>java.lang.NullPointerException: Cannot invoke &quot;org.openqa.selenium.support.ui.WebDriverWait.until(java.util.function.Function)&quot; because the return value of &quot;BaseTest.PageContext.getWait()&quot; is null
	at PageObject.LoginPage.Loginshouldbesuccess(LoginPage.java:51)
	at PageObject.LoginPage.userShouldLoginAsAnd(LoginPage.java:76)
	at ✽.User should login as &quot;ortonikc&quot; and &quot;pass1234&quot;(file:///C:/Users/GO20382992/eclipse-workspace/Cucumber/src/test/java/featureFile/addToCart.feature:10)
</pre></div><a href='#' onClick='toggleBox("stack-trace586832517", this, "Click to show all stack frames", "Click to hide stack frames")'>Click to show all stack frames</a>
<div class='stack-trace' id='stack-trace586832517'><pre>java.lang.NullPointerException: Cannot invoke &quot;org.openqa.selenium.support.ui.WebDriverWait.until(java.util.function.Function)&quot; because the return value of &quot;BaseTest.PageContext.getWait()&quot; is null
	at PageObject.LoginPage.Loginshouldbesuccess(LoginPage.java:51)
	at PageObject.LoginPage.userShouldLoginAsAnd(LoginPage.java:76)
	at ✽.User should login as &quot;ortonikc&quot; and &quot;pass1234&quot;(file:///C:/Users/GO20382992/eclipse-workspace/Cucumber/src/test/java/featureFile/addToCart.feature:10)
</pre></div></td>
<td>14</td>
<td>TestRunner.CartTestRunner@7188af83</td></tr>
</table><p>
<table width='100%' border='1' class='invocation-passed'>
<tr><td colspan='4' align='center'><b>PASSED TESTS</b></td></tr>
<tr><td><b>Test method</b></td>
<td><b>Attribute(s)</b></td>
<td width="30%"><b>Exception</b></td>
<td width="10%"><b>Time (seconds)</b></td>
<td><b>Instance</b></td>
</tr>
<tr>
<td title='TestRunner.LoginTestRunner.runScenario()'><b>runScenario</b><br>Test class: TestRunner.LoginTestRunner<br>Test method: Runs Cucumber Scenarios<br>Parameters: "Login should not be success", "User Authentication"</td>
<td></td>
<td>15</td>
<td>TestRunner.LoginTestRunner@221a3fa4</td></tr>
</table><p>
</body>
</html>